<?xml version="1.0" encoding="UTF-8" ?>
<testsuite errors="0" failures="0" hostname="DESKTOP-3GEB5SQ" name="simpledb.systemtest.DeleteTest" skipped="0" tests="5" time="0.572" timestamp="2023-03-17T15:28:34">
  <properties>
[...]
</properties>
  <testcase classname="simpledb.systemtest.DeleteTest" name="testLessThan" time="0.162" />
  <testcase classname="simpledb.systemtest.DeleteTest" name="testLessThanOrEq" time="0.085" />
  <testcase classname="simpledb.systemtest.DeleteTest" name="testGreaterThanOrEq" time="0.103" />
  <testcase classname="simpledb.systemtest.DeleteTest" name="testGreaterThan" time="0.075" />
  <testcase classname="simpledb.systemtest.DeleteTest" name="testEquals" time="0.097" />
  <system-out><![CDATA[]]></system-out>
  <system-err><![CDATA[]]></system-err>
</testsuite>
