<?xml version="1.0" encoding="UTF-8" ?>
<testsuites>
  <testsuite errors="0" failures="0" hostname="DESKTOP-3GEB5SQ" id="0" name="AggregateTest" package="simpledb" skipped="0" tests="8" time="0.079" timestamp="2023-03-17T15:25:36">
      <properties>
[...]
</properties>

      <testcase classname="simpledb.AggregateTest" name="getTupleDesc" time="0.011" />

      <testcase classname="simpledb.AggregateTest" name="maxAggregate" time="0.002" />

      <testcase classname="simpledb.AggregateTest" name="rewind" time="0.001" />

      <testcase classname="simpledb.AggregateTest" name="minAggregate" time="0.002" />

      <testcase classname="simpledb.AggregateTest" name="sumStringGroupBy" time="0.001" />

      <testcase classname="simpledb.AggregateTest" name="sumAggregate" time="0.001" />

      <testcase classname="simpledb.AggregateTest" name="countStringAggregate" time="0.001" />

      <testcase classname="simpledb.AggregateTest" name="avgAggregate" time="0.002" />

      <system-out><![CDATA[]]></system-out>

      <system-err><![CDATA[]]></system-err>

  </testsuite>
  <testsuite errors="0" failures="0" hostname="DESKTOP-3GEB5SQ" id="1" name="BTreeDeadlockTest" package="simpledb" skipped="0" tests="1" time="6.082" timestamp="2023-03-17T15:25:36">
      <properties>
[...]
</properties>

      <testcase classname="simpledb.BTreeDeadlockTest" name="testReadWriteDeadlock" time="6.029" />

      <system-out><![CDATA[testReadWriteDeadlock constructing deadlock:
removing non-existing page
removing non-existing page
Transaction 3 Aborted!
removing non-existing page
removing non-existing page
Transaction 4 Aborted!
testReadWriteDeadlock resolved deadlock
]]></system-out>

      <system-err><![CDATA[simpledb.transaction.TransactionAbortedException
	at simpledb.transaction.LockManager.acquireLock(LockManager.java:61)
	at simpledb.storage.BufferPool.getPage(BufferPool.java:99)
	at simpledb.index.BTreeFile.getPage(BTreeFile.java:516)
	at simpledb.index.BTreeFile.getParentWithEmptySlots(BTreeFile.java:433)
	at simpledb.index.BTreeFile.splitLeafPage(BTreeFile.java:295)
	at simpledb.index.BTreeFile.insertTuple(BTreeFile.java:552)
	at simpledb.storage.BufferPool.insertTuple(BufferPool.java:214)
	at simpledb.index.BTreeUtility$BTreeWriter.run(BTreeUtility.java:535)
simpledb.transaction.TransactionAbortedException
	at simpledb.transaction.LockManager.acquireLock(LockManager.java:61)
	at simpledb.storage.BufferPool.getPage(BufferPool.java:99)
	at simpledb.index.BTreeFile.getPage(BTreeFile.java:516)
	at simpledb.index.BTreeFile.getRootPtrPage(BTreeFile.java:1090)
	at simpledb.index.BTreeFile.insertTuple(BTreeFile.java:539)
	at simpledb.storage.BufferPool.insertTuple(BufferPool.java:214)
	at simpledb.index.BTreeUtility$BTreeWriter.run(BTreeUtility.java:535)
]]></system-err>

  </testsuite>
  <testsuite errors="0" failures="0" hostname="DESKTOP-3GEB5SQ" id="2" name="BTreeFileDeleteTest" package="simpledb" skipped="0" tests="7" time="1.271" timestamp="2023-03-17T15:25:42">
      <properties>
[...]
</properties>

      <testcase classname="simpledb.BTreeFileDeleteTest" name="deleteTuple" time="0.084" />

      <testcase classname="simpledb.BTreeFileDeleteTest" name="testStealFromLeftInternalPage" time="0.357" />

      <testcase classname="simpledb.BTreeFileDeleteTest" name="testStealFromRightLeafPage" time="0.009" />

      <testcase classname="simpledb.BTreeFileDeleteTest" name="testStealFromRightInternalPage" time="0.399" />

      <testcase classname="simpledb.BTreeFileDeleteTest" name="testStealFromLeftLeafPage" time="0.006" />

      <testcase classname="simpledb.BTreeFileDeleteTest" name="testMergeLeafPages" time="0.022" />

      <testcase classname="simpledb.BTreeFileDeleteTest" name="testMergeInternalPages" time="0.344" />

      <system-out><![CDATA[removing non-existing page
removing non-existing page
]]></system-out>

      <system-err><![CDATA[]]></system-err>

  </testsuite>
  <testsuite errors="0" failures="0" hostname="DESKTOP-3GEB5SQ" id="3" name="BTreeFileInsertTest" package="simpledb" skipped="0" tests="3" time="0.543" timestamp="2023-03-17T15:25:44">
      <properties>
[...]
</properties>

      <testcase classname="simpledb.BTreeFileInsertTest" name="testReusePage" time="0.086" />

      <testcase classname="simpledb.BTreeFileInsertTest" name="testSplitInternalPages" time="0.387" />

      <testcase classname="simpledb.BTreeFileInsertTest" name="testSplitLeafPages" time="0.02" />

      <system-out><![CDATA[removing non-existing page
removing non-existing page
removing non-existing page
removing non-existing page
]]></system-out>

      <system-err><![CDATA[]]></system-err>

  </testsuite>
  <testsuite errors="0" failures="0" hostname="DESKTOP-3GEB5SQ" id="4" name="BTreeFileReadTest" package="simpledb" skipped="0" tests="7" time="0.378" timestamp="2023-03-17T15:25:44">
      <properties>
[...]
</properties>

      <testcase classname="simpledb.BTreeFileReadTest" name="getTupleDesc" time="0.073" />

      <testcase classname="simpledb.BTreeFileReadTest" name="numPages" time="0.018" />

      <testcase classname="simpledb.BTreeFileReadTest" name="readPage" time="0.017" />

      <testcase classname="simpledb.BTreeFileReadTest" name="getId" time="0.03" />

      <testcase classname="simpledb.BTreeFileReadTest" name="testIteratorBasic" time="0.041" />

      <testcase classname="simpledb.BTreeFileReadTest" name="testIteratorClose" time="0.074" />

      <testcase classname="simpledb.BTreeFileReadTest" name="indexIterator" time="0.073" />

      <system-out><![CDATA[]]></system-out>

      <system-err><![CDATA[]]></system-err>

  </testsuite>
  <testsuite errors="0" failures="0" hostname="DESKTOP-3GEB5SQ" id="5" name="BTreeHeaderPageTest" package="simpledb" skipped="0" tests="10" time="0.107" timestamp="2023-03-17T15:25:45">
      <properties>
[...]
</properties>

      <testcase classname="simpledb.BTreeHeaderPageTest" name="numSlots" time="0.046" />

      <testcase classname="simpledb.BTreeHeaderPageTest" name="getNextPageId" time="0.001" />

      <testcase classname="simpledb.BTreeHeaderPageTest" name="getEmptySlot" time="0.002" />

      <testcase classname="simpledb.BTreeHeaderPageTest" name="getPageData" time="0.002" />

      <testcase classname="simpledb.BTreeHeaderPageTest" name="testDirty" time="0.0" />

      <testcase classname="simpledb.BTreeHeaderPageTest" name="getPrevPageId" time="0.0" />

      <testcase classname="simpledb.BTreeHeaderPageTest" name="setNextPageId" time="0.001" />

      <testcase classname="simpledb.BTreeHeaderPageTest" name="setPrevPageId" time="0.001" />

      <testcase classname="simpledb.BTreeHeaderPageTest" name="getSlot" time="0.002" />

      <testcase classname="simpledb.BTreeHeaderPageTest" name="getId" time="0.0" />

      <system-out><![CDATA[]]></system-out>

      <system-err><![CDATA[]]></system-err>

  </testsuite>
  <testsuite errors="0" failures="0" hostname="DESKTOP-3GEB5SQ" id="6" name="BTreeInternalPageTest" package="simpledb" skipped="0" tests="11" time="0.145" timestamp="2023-03-17T15:25:45">
      <properties>
[...]
</properties>

      <testcase classname="simpledb.BTreeInternalPageTest" name="addEntry" time="0.085" />

      <testcase classname="simpledb.BTreeInternalPageTest" name="testDirty" time="0.001" />

      <testcase classname="simpledb.BTreeInternalPageTest" name="deleteEntry" time="0.001" />

      <testcase classname="simpledb.BTreeInternalPageTest" name="setParentId" time="0.001" />

      <testcase classname="simpledb.BTreeInternalPageTest" name="getParentId" time="0.001" />

      <testcase classname="simpledb.BTreeInternalPageTest" name="testReverseIterator" time="0.001" />

      <testcase classname="simpledb.BTreeInternalPageTest" name="getSlot" time="0.0" />

      <testcase classname="simpledb.BTreeInternalPageTest" name="getId" time="0.0" />

      <testcase classname="simpledb.BTreeInternalPageTest" name="deleteNonexistentEntry" time="0.0" />

      <testcase classname="simpledb.BTreeInternalPageTest" name="getNumEmptySlots" time="0.0" />

      <testcase classname="simpledb.BTreeInternalPageTest" name="testIterator" time="0.001" />

      <system-out><![CDATA[]]></system-out>

      <system-err><![CDATA[]]></system-err>

  </testsuite>
  <testsuite errors="0" failures="0" hostname="DESKTOP-3GEB5SQ" id="7" name="BTreeLeafPageTest" package="simpledb" skipped="0" tests="14" time="0.121" timestamp="2023-03-17T15:25:46">
      <properties>
[...]
</properties>

      <testcase classname="simpledb.BTreeLeafPageTest" name="setLeftSiblingId" time="0.046" />

      <testcase classname="simpledb.BTreeLeafPageTest" name="addTuple" time="0.014" />

      <testcase classname="simpledb.BTreeLeafPageTest" name="testDirty" time="0.0" />

      <testcase classname="simpledb.BTreeLeafPageTest" name="deleteTuple" time="0.001" />

      <testcase classname="simpledb.BTreeLeafPageTest" name="setParentId" time="0.0" />

      <testcase classname="simpledb.BTreeLeafPageTest" name="getParentId" time="0.001" />

      <testcase classname="simpledb.BTreeLeafPageTest" name="getSlot" time="0.0" />

      <testcase classname="simpledb.BTreeLeafPageTest" name="getId" time="0.0" />

      <testcase classname="simpledb.BTreeLeafPageTest" name="setRightSiblingId" time="0.0" />

      <testcase classname="simpledb.BTreeLeafPageTest" name="getLeftSiblingId" time="0.001" />

      <testcase classname="simpledb.BTreeLeafPageTest" name="deleteNonexistentTuple" time="0.001" />

      <testcase classname="simpledb.BTreeLeafPageTest" name="getRightSiblingId" time="0.001" />

      <testcase classname="simpledb.BTreeLeafPageTest" name="getNumEmptySlots" time="0.001" />

      <testcase classname="simpledb.BTreeLeafPageTest" name="testIterator" time="0.0" />

      <system-out><![CDATA[]]></system-out>

      <system-err><![CDATA[]]></system-err>

  </testsuite>
  <testsuite errors="0" failures="0" hostname="DESKTOP-3GEB5SQ" id="8" name="BTreeNextKeyLockingTest" package="simpledb" skipped="0" tests="2" time="3.236" timestamp="2023-03-17T15:25:46">
      <properties>
[...]
</properties>

      <testcase classname="simpledb.BTreeNextKeyLockingTest" name="nextKeyLockingTestLessThan" time="1.617" />

      <testcase classname="simpledb.BTreeNextKeyLockingTest" name="nextKeyLockingTestGreaterThan" time="1.569" />

      <system-out><![CDATA[Transaction 3 Aborted!
Transaction 7 Aborted!
]]></system-out>

      <system-err><![CDATA[simpledb.transaction.TransactionAbortedException
	at simpledb.transaction.LockManager.acquireLock(LockManager.java:61)
	at simpledb.storage.BufferPool.getPage(BufferPool.java:99)
	at simpledb.index.BTreeFile.getPage(BTreeFile.java:516)
	at simpledb.index.BTreeFile.findLeafPage(BTreeFile.java:192)
	at simpledb.index.BTreeFile.findLeafPage(BTreeFile.java:209)
	at simpledb.index.BTreeFile.insertTuple(BTreeFile.java:550)
	at simpledb.storage.BufferPool.insertTuple(BufferPool.java:214)
	at simpledb.index.BTreeUtility$BTreeWriter.run(BTreeUtility.java:535)
simpledb.transaction.TransactionAbortedException
	at simpledb.transaction.LockManager.acquireLock(LockManager.java:61)
	at simpledb.storage.BufferPool.getPage(BufferPool.java:99)
	at simpledb.index.BTreeFile.getPage(BTreeFile.java:516)
	at simpledb.index.BTreeFile.findLeafPage(BTreeFile.java:192)
	at simpledb.index.BTreeFile.findLeafPage(BTreeFile.java:209)
	at simpledb.index.BTreeFile.insertTuple(BTreeFile.java:550)
	at simpledb.storage.BufferPool.insertTuple(BufferPool.java:214)
	at simpledb.index.BTreeUtility$BTreeWriter.run(BTreeUtility.java:535)
]]></system-err>

  </testsuite>
  <testsuite errors="0" failures="0" hostname="DESKTOP-3GEB5SQ" id="9" name="BTreePageIdTest" package="simpledb" skipped="0" tests="4" time="0.059" timestamp="2023-03-17T15:25:50">
      <properties>
[...]
</properties>

      <testcase classname="simpledb.BTreePageIdTest" name="equals" time="0.009" />

      <testcase classname="simpledb.BTreePageIdTest" name="pageno" time="0.0" />

      <testcase classname="simpledb.BTreePageIdTest" name="getTableId" time="0.001" />

      <testcase classname="simpledb.BTreePageIdTest" name="testHashCode" time="0.0" />

      <system-out><![CDATA[]]></system-out>

      <system-err><![CDATA[]]></system-err>

  </testsuite>
  <testsuite errors="0" failures="0" hostname="DESKTOP-3GEB5SQ" id="10" name="BTreeRootPtrPageTest" package="simpledb" skipped="0" tests="6" time="0.1" timestamp="2023-03-17T15:25:50">
      <properties>
[...]
</properties>

      <testcase classname="simpledb.BTreeRootPtrPageTest" name="testDirty" time="0.047" />

      <testcase classname="simpledb.BTreeRootPtrPageTest" name="getId" time="0.0" />

      <testcase classname="simpledb.BTreeRootPtrPageTest" name="setRootId" time="0.0" />

      <testcase classname="simpledb.BTreeRootPtrPageTest" name="getRootId" time="0.0" />

      <testcase classname="simpledb.BTreeRootPtrPageTest" name="setHeaderId" time="0.0" />

      <testcase classname="simpledb.BTreeRootPtrPageTest" name="getHeaderId" time="0.0" />

      <system-out><![CDATA[]]></system-out>

      <system-err><![CDATA[]]></system-err>

  </testsuite>
  <testsuite errors="0" failures="0" hostname="DESKTOP-3GEB5SQ" id="11" name="BufferPoolWriteTest" package="simpledb" skipped="0" tests="3" time="0.254" timestamp="2023-03-17T15:25:50">
      <properties>
[...]
</properties>

      <testcase classname="simpledb.BufferPoolWriteTest" name="deleteTuple" time="0.1" />

      <testcase classname="simpledb.BufferPoolWriteTest" name="insertTuple" time="0.045" />

      <testcase classname="simpledb.BufferPoolWriteTest" name="handleManyDirtyPages" time="0.059" />

      <system-out><![CDATA[]]></system-out>

      <system-err><![CDATA[]]></system-err>

  </testsuite>
  <testsuite errors="0" failures="0" hostname="DESKTOP-3GEB5SQ" id="12" name="CatalogTest" package="simpledb" skipped="0" tests="5" time="0.057" timestamp="2023-03-17T15:25:51">
      <properties>
[...]
</properties>

      <testcase classname="simpledb.CatalogTest" name="getTupleDesc" time="0.011" />

      <testcase classname="simpledb.CatalogTest" name="getTableId" time="0.001" />

      <testcase classname="simpledb.CatalogTest" name="handleDuplicateIds" time="0.0" />

      <testcase classname="simpledb.CatalogTest" name="getDatabaseFile" time="0.0" />

      <testcase classname="simpledb.CatalogTest" name="handleDuplicateNames" time="0.0" />

      <system-out><![CDATA[]]></system-out>

      <system-err><![CDATA[]]></system-err>

  </testsuite>
  <testsuite errors="0" failures="0" hostname="DESKTOP-3GEB5SQ" id="13" name="DeadlockTest" package="simpledb" skipped="0" tests="3" time="1.535" timestamp="2023-03-17T15:25:51">
      <properties>
[...]
</properties>

      <testcase classname="simpledb.DeadlockTest" name="testReadWriteDeadlock" time="0.638" />

      <testcase classname="simpledb.DeadlockTest" name="testUpgradeWriteDeadlock" time="0.291" />

      <testcase classname="simpledb.DeadlockTest" name="testWriteWriteDeadlock" time="0.557" />

      <system-out><![CDATA[testReadWriteDeadlock constructing deadlock:
Transaction 1 Aborted!
Transaction 2 Aborted!
Transaction 4 Aborted!
Transaction 4 Aborted!
testReadWriteDeadlock resolved deadlock
testUpgradeWriteDeadlock constructing deadlock:
Transaction 6 Aborted!
testUpgradeWriteDeadlock resolved deadlock
testWriteWriteDeadlock constructing deadlock:
Transaction 9 Aborted!
Transaction 10 Aborted!
Transaction 12 Aborted!
Transaction 12 Aborted!
testWriteWriteDeadlock resolved deadlock
]]></system-out>

      <system-err><![CDATA[simpledb.transaction.TransactionAbortedException
	at simpledb.transaction.LockManager.acquireLock(LockManager.java:61)
	at simpledb.storage.BufferPool.getPage(BufferPool.java:99)
	at simpledb.TestUtil$LockGrabber.run(TestUtil.java:338)
simpledb.transaction.TransactionAbortedException
	at simpledb.transaction.LockManager.acquireLock(LockManager.java:61)
	at simpledb.storage.BufferPool.getPage(BufferPool.java:99)
	at simpledb.TestUtil$LockGrabber.run(TestUtil.java:338)
simpledb.transaction.TransactionAbortedException
	at simpledb.transaction.LockManager.acquireLock(LockManager.java:61)
	at simpledb.storage.BufferPool.getPage(BufferPool.java:99)
	at simpledb.TestUtil$LockGrabber.run(TestUtil.java:338)
simpledb.transaction.TransactionAbortedException
	at simpledb.transaction.LockManager.acquireLock(LockManager.java:61)
	at simpledb.storage.BufferPool.getPage(BufferPool.java:99)
	at simpledb.TestUtil$LockGrabber.run(TestUtil.java:338)
simpledb.transaction.TransactionAbortedException
	at simpledb.transaction.LockManager.acquireLock(LockManager.java:61)
	at simpledb.storage.BufferPool.getPage(BufferPool.java:99)
	at simpledb.TestUtil$LockGrabber.run(TestUtil.java:338)
simpledb.transaction.TransactionAbortedException
	at simpledb.transaction.LockManager.acquireLock(LockManager.java:61)
	at simpledb.storage.BufferPool.getPage(BufferPool.java:99)
	at simpledb.TestUtil$LockGrabber.run(TestUtil.java:338)
simpledb.transaction.TransactionAbortedException
	at simpledb.transaction.LockManager.acquireLock(LockManager.java:61)
	at simpledb.storage.BufferPool.getPage(BufferPool.java:99)
	at simpledb.TestUtil$LockGrabber.run(TestUtil.java:338)
simpledb.transaction.TransactionAbortedException
	at simpledb.transaction.LockManager.acquireLock(LockManager.java:61)
	at simpledb.storage.BufferPool.getPage(BufferPool.java:99)
	at simpledb.TestUtil$LockGrabber.run(TestUtil.java:338)
simpledb.transaction.TransactionAbortedException
	at simpledb.transaction.LockManager.acquireLock(LockManager.java:61)
	at simpledb.storage.BufferPool.getPage(BufferPool.java:99)
	at simpledb.TestUtil$LockGrabber.run(TestUtil.java:338)
]]></system-err>

  </testsuite>
  <testsuite errors="0" failures="0" hostname="DESKTOP-3GEB5SQ" id="14" name="FilterTest" package="simpledb" skipped="0" tests="6" time="0.055" timestamp="2023-03-17T15:25:53">
      <properties>
[...]
</properties>

      <testcase classname="simpledb.FilterTest" name="getTupleDesc" time="0.005" />

      <testcase classname="simpledb.FilterTest" name="filterSomeLessThan" time="0.0" />

      <testcase classname="simpledb.FilterTest" name="rewind" time="0.001" />

      <testcase classname="simpledb.FilterTest" name="filterEqual" time="0.0" />

      <testcase classname="simpledb.FilterTest" name="filterEqualNoTuples" time="0.0" />

      <testcase classname="simpledb.FilterTest" name="filterAllLessThan" time="0.0" />

      <system-out><![CDATA[]]></system-out>

      <system-err><![CDATA[]]></system-err>

  </testsuite>
  <testsuite errors="0" failures="0" hostname="DESKTOP-3GEB5SQ" id="15" name="HeapFileReadTest" package="simpledb" skipped="0" tests="6" time="0.167" timestamp="2023-03-17T15:25:53">
      <properties>
[...]
</properties>

      <testcase classname="simpledb.HeapFileReadTest" name="getTupleDesc" time="0.058" />

      <testcase classname="simpledb.HeapFileReadTest" name="numPages" time="0.005" />

      <testcase classname="simpledb.HeapFileReadTest" name="readPage" time="0.01" />

      <testcase classname="simpledb.HeapFileReadTest" name="getId" time="0.009" />

      <testcase classname="simpledb.HeapFileReadTest" name="testIteratorBasic" time="0.017" />

      <testcase classname="simpledb.HeapFileReadTest" name="testIteratorClose" time="0.016" />

      <system-out><![CDATA[]]></system-out>

      <system-err><![CDATA[]]></system-err>

  </testsuite>
  <testsuite errors="0" failures="0" hostname="DESKTOP-3GEB5SQ" id="16" name="HeapFileWriteTest" package="simpledb" skipped="0" tests="2" time="0.236" timestamp="2023-03-17T15:25:53">
      <properties>
[...]
</properties>

      <testcase classname="simpledb.HeapFileWriteTest" name="addTuple" time="0.137" />

      <testcase classname="simpledb.HeapFileWriteTest" name="testAlternateEmptyAndFullPagesThenIterate" time="0.048" />

      <system-out><![CDATA[]]></system-out>

      <system-err><![CDATA[]]></system-err>

  </testsuite>
  <testsuite errors="0" failures="0" hostname="DESKTOP-3GEB5SQ" id="17" name="HeapPageIdTest" package="simpledb" skipped="0" tests="4" time="0.054" timestamp="2023-03-17T15:25:54">
      <properties>
[...]
</properties>

      <testcase classname="simpledb.HeapPageIdTest" name="equals" time="0.004" />

      <testcase classname="simpledb.HeapPageIdTest" name="pageno" time="0.001" />

      <testcase classname="simpledb.HeapPageIdTest" name="getTableId" time="0.0" />

      <testcase classname="simpledb.HeapPageIdTest" name="testHashCode" time="0.001" />

      <system-out><![CDATA[]]></system-out>

      <system-err><![CDATA[]]></system-err>

  </testsuite>
  <testsuite errors="0" failures="0" hostname="DESKTOP-3GEB5SQ" id="18" name="HeapPageReadTest" package="simpledb" skipped="0" tests="4" time="0.058" timestamp="2023-03-17T15:25:54">
      <properties>
[...]
</properties>

      <testcase classname="simpledb.HeapPageReadTest" name="getSlot" time="0.01" />

      <testcase classname="simpledb.HeapPageReadTest" name="getId" time="0.001" />

      <testcase classname="simpledb.HeapPageReadTest" name="getNumEmptySlots" time="0.001" />

      <testcase classname="simpledb.HeapPageReadTest" name="testIterator" time="0.001" />

      <system-out><![CDATA[]]></system-out>

      <system-err><![CDATA[]]></system-err>

  </testsuite>
  <testsuite errors="0" failures="0" hostname="DESKTOP-3GEB5SQ" id="19" name="HeapPageWriteTest" package="simpledb" skipped="0" tests="4" time="0.116" timestamp="2023-03-17T15:25:54">
      <properties>
[...]
</properties>

      <testcase classname="simpledb.HeapPageWriteTest" name="addTuple" time="0.065" />

      <testcase classname="simpledb.HeapPageWriteTest" name="testDirty" time="0.001" />

      <testcase classname="simpledb.HeapPageWriteTest" name="deleteTuple" time="0.001" />

      <testcase classname="simpledb.HeapPageWriteTest" name="deleteNonexistentTuple" time="0.001" />

      <system-out><![CDATA[]]></system-out>

      <system-err><![CDATA[]]></system-err>

  </testsuite>
  <testsuite errors="0" failures="0" hostname="DESKTOP-3GEB5SQ" id="20" name="InsertTest" package="simpledb" skipped="0" tests="2" time="0.106" timestamp="2023-03-17T15:25:55">
      <properties>
[...]
</properties>

      <testcase classname="simpledb.InsertTest" name="getTupleDesc" time="0.05" />

      <testcase classname="simpledb.InsertTest" name="getNext" time="0.005" />

      <system-out><![CDATA[]]></system-out>

      <system-err><![CDATA[]]></system-err>

  </testsuite>
  <testsuite errors="0" failures="0" hostname="DESKTOP-3GEB5SQ" id="21" name="IntHistogramTest" package="simpledb" skipped="0" tests="8" time="0.125" timestamp="2023-03-17T15:25:55">
      <properties>
[...]
</properties>

      <testcase classname="simpledb.IntHistogramTest" name="orderOfGrowthTest" time="0.075" />

      <testcase classname="simpledb.IntHistogramTest" name="opNotEqualsTest" time="0.0" />

      <testcase classname="simpledb.IntHistogramTest" name="opLessThanTest" time="0.001" />

      <testcase classname="simpledb.IntHistogramTest" name="negativeRangeTest" time="0.0" />

      <testcase classname="simpledb.IntHistogramTest" name="opEqualsTest" time="0.0" />

      <testcase classname="simpledb.IntHistogramTest" name="opLessThanOrEqualsTest" time="0.0" />

      <testcase classname="simpledb.IntHistogramTest" name="opGreaterThanOrEqualsTest" time="0.0" />

      <testcase classname="simpledb.IntHistogramTest" name="opGreaterThanTest" time="0.001" />

      <system-out><![CDATA[]]></system-out>

      <system-err><![CDATA[]]></system-err>

  </testsuite>
  <testsuite errors="0" failures="0" hostname="DESKTOP-3GEB5SQ" id="22" name="IntegerAggregatorTest" package="simpledb" skipped="0" tests="5" time="0.066" timestamp="2023-03-17T15:25:55">
      <properties>
[...]
</properties>

      <testcase classname="simpledb.IntegerAggregatorTest" name="mergeAvg" time="0.012" />

      <testcase classname="simpledb.IntegerAggregatorTest" name="mergeMax" time="0.001" />

      <testcase classname="simpledb.IntegerAggregatorTest" name="mergeMin" time="0.001" />

      <testcase classname="simpledb.IntegerAggregatorTest" name="mergeSum" time="0.001" />

      <testcase classname="simpledb.IntegerAggregatorTest" name="testIterator" time="0.0" />

      <system-out><![CDATA[]]></system-out>

      <system-err><![CDATA[]]></system-err>

  </testsuite>
  <testsuite errors="0" failures="0" hostname="DESKTOP-3GEB5SQ" id="23" name="JoinOptimizerTest" package="simpledb" skipped="0" tests="5" time="2.252" timestamp="2023-03-17T15:25:56">
      <properties>
[...]
</properties>

      <testcase classname="simpledb.JoinOptimizerTest" name="estimateJoinCardinality" time="0.201" />

      <testcase classname="simpledb.JoinOptimizerTest" name="nonequalityOrderJoinsTest" time="0.137" />

      <testcase classname="simpledb.JoinOptimizerTest" name="orderJoinsTest" time="0.715" />

      <testcase classname="simpledb.JoinOptimizerTest" name="estimateJoinCostTest" time="0.086" />

      <testcase classname="simpledb.JoinOptimizerTest" name="bigOrderJoinsTest" time="1.06" />

      <system-out><![CDATA[tableId1: -46718095
tableId2: 1481021853
Added scan of table t1
Added scan of table t2
Added join between t1.c8 and t2.c7
Added select list field null.*
tableId1: 1388202592
tableId2: 1038789675
Added scan of table a
Added scan of table b
Added scan of table c
Added scan of table d
Added scan of table e
Added scan of table f
Added scan of table g
Added scan of table h
Added scan of table i
Added join between a.c1 and b.c1
Added join between b.c0 and c.c0
Added join between c.c1 and d.c1
Added join between d.c0 and e.c0
Added join between e.c1 and f.c1
Added join between f.c0 and g.c0
Added join between g.c1 and h.c1
Added join between h.c0 and i.c0
Aggregate field is a.c0, agg fun is : COUNT
Added select list field a.c0
	 with aggregator COUNT
tableId1: 1504166308
tableId2: 1775929171
Added scan of table emp
Added scan of table dept
Added scan of table hobbies
Added scan of table hobby
Added join between emp.c1 and dept.c0
Added join between hobbies.c0 and emp.c2
Added join between hobbies.c1 and hobby.c0
Added select list field null.*
tableId1: 714257096
tableId2: -954270694
Added scan of table t1
Added scan of table t2
Added join between t1.c1 and t2.c2
Added select list field null.*
Added scan of table t1
Added scan of table t2
Added join between t1.c1 and t2.c2
Added select list field null.*
Added scan of table t1
Added scan of table t2
Added join between t1.c3 and t2.c4
Added select list field null.*
Added scan of table t1
Added scan of table t2
Added join between t1.c8 and t2.c7
Added select list field null.*
tableId1: -35494569
tableId2: -1384529431
Added scan of table bigTable
Added scan of table a
Added scan of table b
Added scan of table c
Added scan of table d
Added scan of table e
Added scan of table f
Added scan of table g
Added scan of table h
Added scan of table i
Added scan of table j
Added scan of table k
Added scan of table l
Added scan of table m
Added scan of table n
Added join between bigTable.c0 and n.c0
Added join between a.c1 and b.c1
Added join between b.c0 and c.c0
Added join between c.c1 and d.c1
Added join between d.c0 and e.c0
Added join between e.c1 and f.c1
Added join between f.c0 and g.c0
Added join between g.c1 and h.c1
Added join between h.c0 and i.c0
Added join between i.c1 and j.c1
Added join between j.c0 and k.c0
Added join between k.c1 and l.c1
Added join between l.c0 and m.c0
Added join between m.c1 and n.c1
Aggregate field is a.c0, agg fun is : COUNT
Added select list field a.c0
	 with aggregator COUNT
]]></system-out>

      <system-err><![CDATA[]]></system-err>

  </testsuite>
  <testsuite errors="0" failures="0" hostname="DESKTOP-3GEB5SQ" id="24" name="JoinPredicateTest" package="simpledb" skipped="0" tests="1" time="0.058" timestamp="2023-03-17T15:25:58">
      <properties>
[...]
</properties>

      <testcase classname="simpledb.JoinPredicateTest" name="filterVaryingVals" time="0.008" />

      <system-out><![CDATA[]]></system-out>

      <system-err><![CDATA[]]></system-err>

  </testsuite>
  <testsuite errors="0" failures="0" hostname="DESKTOP-3GEB5SQ" id="25" name="JoinTest" package="simpledb" skipped="0" tests="4" time="0.059" timestamp="2023-03-17T15:25:58">
      <properties>
[...]
</properties>

      <testcase classname="simpledb.JoinTest" name="getTupleDesc" time="0.007" />

      <testcase classname="simpledb.JoinTest" name="eqJoin" time="0.001" />

      <testcase classname="simpledb.JoinTest" name="gtJoin" time="0.001" />

      <testcase classname="simpledb.JoinTest" name="rewind" time="0.0" />

      <system-out><![CDATA[]]></system-out>

      <system-err><![CDATA[]]></system-err>

  </testsuite>
  <testsuite errors="0" failures="0" hostname="DESKTOP-3GEB5SQ" id="26" name="LockingTest" package="simpledb" skipped="0" tests="9" time="1.655" timestamp="2023-03-17T15:25:59">
      <properties>
[...]
</properties>

      <testcase classname="simpledb.LockingTest" name="acquireWriteReadLocksOnSamePage" time="0.213" />

      <testcase classname="simpledb.LockingTest" name="acquireReadLocksOnTwoPages" time="0.196" />

      <testcase classname="simpledb.LockingTest" name="acquireReadLocksOnSamePage" time="0.172" />

      <testcase classname="simpledb.LockingTest" name="acquireReadWriteLocksOnTwoPages" time="0.171" />

      <testcase classname="simpledb.LockingTest" name="lockUpgrade" time="0.28" />

      <testcase classname="simpledb.LockingTest" name="acquireReadWriteLocksOnSamePage" time="0.17" />

      <testcase classname="simpledb.LockingTest" name="acquireThenRelease" time="0.06" />

      <testcase classname="simpledb.LockingTest" name="acquireWriteAndReadLocks" time="0.175" />

      <testcase classname="simpledb.LockingTest" name="acquireWriteLocksOnTwoPages" time="0.167" />

      <system-out><![CDATA[Transaction 2 Aborted!
Transaction 17 Aborted!
]]></system-out>

      <system-err><![CDATA[simpledb.transaction.TransactionAbortedException
	at simpledb.transaction.LockManager.acquireLock(LockManager.java:61)
	at simpledb.storage.BufferPool.getPage(BufferPool.java:99)
	at simpledb.TestUtil$LockGrabber.run(TestUtil.java:338)
simpledb.transaction.TransactionAbortedException
	at simpledb.transaction.LockManager.acquireLock(LockManager.java:61)
	at simpledb.storage.BufferPool.getPage(BufferPool.java:99)
	at simpledb.TestUtil$LockGrabber.run(TestUtil.java:338)
]]></system-err>

  </testsuite>
  <testsuite errors="0" failures="0" hostname="DESKTOP-3GEB5SQ" id="27" name="PredicateTest" package="simpledb" skipped="0" tests="1" time="0.059" timestamp="2023-03-17T15:26:01">
      <properties>
[...]
</properties>

      <testcase classname="simpledb.PredicateTest" name="filter" time="0.011" />

      <system-out><![CDATA[]]></system-out>

      <system-err><![CDATA[]]></system-err>

  </testsuite>
  <testsuite errors="0" failures="0" hostname="DESKTOP-3GEB5SQ" id="28" name="RecordIdTest" package="simpledb" skipped="0" tests="4" time="0.055" timestamp="2023-03-17T15:26:01">
      <properties>
[...]
</properties>

      <testcase classname="simpledb.RecordIdTest" name="equals" time="0.006" />

      <testcase classname="simpledb.RecordIdTest" name="tupleno" time="0.0" />

      <testcase classname="simpledb.RecordIdTest" name="hCode" time="0.0" />

      <testcase classname="simpledb.RecordIdTest" name="getPageId" time="0.0" />

      <system-out><![CDATA[]]></system-out>

      <system-err><![CDATA[]]></system-err>

  </testsuite>
  <testsuite errors="0" failures="0" hostname="DESKTOP-3GEB5SQ" id="29" name="StringAggregatorTest" package="simpledb" skipped="0" tests="2" time="0.057" timestamp="2023-03-17T15:26:01">
      <properties>
[...]
</properties>

      <testcase classname="simpledb.StringAggregatorTest" name="mergeCount" time="0.009" />

      <testcase classname="simpledb.StringAggregatorTest" name="testIterator" time="0.0" />

      <system-out><![CDATA[]]></system-out>

      <system-err><![CDATA[]]></system-err>

  </testsuite>
  <testsuite errors="0" failures="0" hostname="DESKTOP-3GEB5SQ" id="30" name="TableStatsTest" package="simpledb" skipped="0" tests="3" time="1.366" timestamp="2023-03-17T15:26:01">
      <properties>
[...]
</properties>

      <testcase classname="simpledb.TableStatsTest" name="estimateScanCostTest" time="1.197" />

      <testcase classname="simpledb.TableStatsTest" name="estimateTableCardinalityTest" time="0.054" />

      <testcase classname="simpledb.TableStatsTest" name="estimateSelectivityTest" time="0.066" />

      <system-out><![CDATA[]]></system-out>

      <system-err><![CDATA[]]></system-err>

  </testsuite>
  <testsuite errors="0" failures="0" hostname="DESKTOP-3GEB5SQ" id="31" name="TransactionTest" package="simpledb" skipped="0" tests="3" time="0.322" timestamp="2023-03-17T15:26:03">
      <properties>
[...]
</properties>

      <testcase classname="simpledb.TransactionTest" name="commitTransaction" time="0.128" />

      <testcase classname="simpledb.TransactionTest" name="attemptTransactionTwice" time="0.066" />

      <testcase classname="simpledb.TransactionTest" name="abortTransaction" time="0.078" />

      <system-out><![CDATA[]]></system-out>

      <system-err><![CDATA[]]></system-err>

  </testsuite>
  <testsuite errors="0" failures="0" hostname="DESKTOP-3GEB5SQ" id="32" name="TupleDescTest" package="simpledb" skipped="0" tests="6" time="0.068" timestamp="2023-03-17T15:26:04">
      <properties>
[...]
</properties>

      <testcase classname="simpledb.TupleDescTest" name="getSize" time="0.01" />

      <testcase classname="simpledb.TupleDescTest" name="getType" time="0.0" />

      <testcase classname="simpledb.TupleDescTest" name="numFields" time="0.001" />

      <testcase classname="simpledb.TupleDescTest" name="combine" time="0.003" />

      <testcase classname="simpledb.TupleDescTest" name="testEquals" time="0.0" />

      <testcase classname="simpledb.TupleDescTest" name="nameToId" time="0.004" />

      <system-out><![CDATA[]]></system-out>

      <system-err><![CDATA[]]></system-err>

  </testsuite>
  <testsuite errors="0" failures="0" hostname="DESKTOP-3GEB5SQ" id="33" name="TupleTest" package="simpledb" skipped="0" tests="3" time="0.056" timestamp="2023-03-17T15:26:04">
      <properties>
[...]
</properties>

      <testcase classname="simpledb.TupleTest" name="getTupleDesc" time="0.006" />

      <testcase classname="simpledb.TupleTest" name="modifyRecordId" time="0.0" />

      <testcase classname="simpledb.TupleTest" name="modifyFields" time="0.0" />

      <system-out><![CDATA[]]></system-out>

      <system-err><![CDATA[]]></system-err>

  </testsuite>
  <testsuite errors="0" failures="0" hostname="DESKTOP-3GEB5SQ" id="34" name="AbortEvictionTest" package="simpledb.systemtest" skipped="0" tests="1" time="0.148" timestamp="2023-03-17T15:26:04">
      <properties>
[...]
</properties>

      <testcase classname="simpledb.systemtest.AbortEvictionTest" name="testDoNotEvictDirtyPages" time="0.1" />

      <system-out><![CDATA[]]></system-out>

      <system-err><![CDATA[]]></system-err>

  </testsuite>
  <testsuite errors="0" failures="0" hostname="DESKTOP-3GEB5SQ" id="35" name="AggregateTest" package="simpledb.systemtest" skipped="0" tests="6" time="0.271" timestamp="2023-03-17T15:26:04">
      <properties>
[...]
</properties>

      <testcase classname="simpledb.systemtest.AggregateTest" name="testAverageNoGroup" time="0.084" />

      <testcase classname="simpledb.systemtest.AggregateTest" name="testMax" time="0.027" />

      <testcase classname="simpledb.systemtest.AggregateTest" name="testMin" time="0.024" />

      <testcase classname="simpledb.systemtest.AggregateTest" name="testSum" time="0.029" />

      <testcase classname="simpledb.systemtest.AggregateTest" name="testCount" time="0.028" />

      <testcase classname="simpledb.systemtest.AggregateTest" name="testAverage" time="0.029" />

      <system-out><![CDATA[]]></system-out>

      <system-err><![CDATA[]]></system-err>

  </testsuite>
  <testsuite errors="0" failures="0" hostname="DESKTOP-3GEB5SQ" id="36" name="BTreeFileDeleteTest" package="simpledb.systemtest" skipped="0" tests="6" time="12.07" timestamp="2023-03-17T15:26:05">
      <properties>
[...]
</properties>

      <testcase classname="simpledb.systemtest.BTreeFileDeleteTest" name="testRedistributeLeafPages" time="0.12" />

      <testcase classname="simpledb.systemtest.BTreeFileDeleteTest" name="testDeleteInternalPages" time="3.991" />

      <testcase classname="simpledb.systemtest.BTreeFileDeleteTest" name="testReuseDeletedPages" time="0.138" />

      <testcase classname="simpledb.systemtest.BTreeFileDeleteTest" name="testDeleteRootPage" time="0.056" />

      <testcase classname="simpledb.systemtest.BTreeFileDeleteTest" name="testMergeLeafPages" time="0.074" />

      <testcase classname="simpledb.systemtest.BTreeFileDeleteTest" name="testRedistributeInternalPages" time="7.64" />

      <system-out><![CDATA[removing non-existing page
removing non-existing page
removing non-existing page
removing non-existing page
removing non-existing page
]]></system-out>

      <system-err><![CDATA[]]></system-err>

  </testsuite>
  <testsuite errors="0" failures="0" hostname="DESKTOP-3GEB5SQ" id="37" name="BTreeFileInsertTest" package="simpledb.systemtest" skipped="0" tests="5" time="12.983" timestamp="2023-03-17T15:26:17">
      <properties>
[...]
</properties>

      <testcase classname="simpledb.systemtest.BTreeFileInsertTest" name="testSplitLeafPage" time="0.115" />

      <testcase classname="simpledb.systemtest.BTreeFileInsertTest" name="addTuple" time="0.089" />

      <testcase classname="simpledb.systemtest.BTreeFileInsertTest" name="testSplitInternalPage" time="4.445" />

      <testcase classname="simpledb.systemtest.BTreeFileInsertTest" name="addDuplicateTuples" time="0.211" />

      <testcase classname="simpledb.systemtest.BTreeFileInsertTest" name="testSplitRootPage" time="8.073" />

      <system-out><![CDATA[removing non-existing page
removing non-existing page
removing non-existing page
removing non-existing page
removing non-existing page
removing non-existing page
removing non-existing page
removing non-existing page
removing non-existing page
removing non-existing page
removing non-existing page
removing non-existing page
removing non-existing page
removing non-existing page
removing non-existing page
removing non-existing page
removing non-existing page
removing non-existing page
removing non-existing page
removing non-existing page
removing non-existing page
removing non-existing page
removing non-existing page
removing non-existing page
removing non-existing page
removing non-existing page
removing non-existing page
removing non-existing page
removing non-existing page
removing non-existing page
removing non-existing page
removing non-existing page
removing non-existing page
removing non-existing page
removing non-existing page
removing non-existing page
removing non-existing page
removing non-existing page
removing non-existing page
removing non-existing page
removing non-existing page
removing non-existing page
removing non-existing page
removing non-existing page
removing non-existing page
removing non-existing page
removing non-existing page
removing non-existing page
removing non-existing page
removing non-existing page
removing non-existing page
removing non-existing page
removing non-existing page
removing non-existing page
removing non-existing page
removing non-existing page
removing non-existing page
removing non-existing page
removing non-existing page
removing non-existing page
removing non-existing page
removing non-existing page
removing non-existing page
removing non-existing page
removing non-existing page
removing non-existing page
removing non-existing page
removing non-existing page
removing non-existing page
removing non-existing page
removing non-existing page
removing non-existing page
removing non-existing page
removing non-existing page
removing non-existing page
removing non-existing page
removing non-existing page
removing non-existing page
removing non-existing page
removing non-existing page
removing non-existing page
removing non-existing page
removing non-existing page
removing non-existing page
removing non-existing page
removing non-existing page
removing non-existing page
removing non-existing page
removing non-existing page
removing non-existing page
removing non-existing page
removing non-existing page
removing non-existing page
removing non-existing page
removing non-existing page
removing non-existing page
removing non-existing page
removing non-existing page
removing non-existing page
removing non-existing page
removing non-existing page
removing non-existing page
removing non-existing page
removing non-existing page
removing non-existing page
removing non-existing page
removing non-existing page
removing non-existing page
removing non-existing page
removing non-existing page
removing non-existing page
removing non-existing page
removing non-existing page
removing non-existing page
removing non-existing page
removing non-existing page
removing non-existing page
removing non-existing page
removing non-existing page
removing non-existing page
removing non-existing page
removing non-existing page
removing non-existing page
removing non-existing page
removing non-existing page
removing non-existing page
removing non-existing page
removing non-existing page
removing non-existing page
removing non-existing page
removing non-existing page
removing non-existing page
removing non-existing page
removing non-existing page
removing non-existing page
removing non-existing page
removing non-existing page
removing non-existing page
removing non-existing page
removing non-existing page
removing non-existing page
removing non-existing page
removing non-existing page
removing non-existing page
removing non-existing page
removing non-existing page
removing non-existing page
removing non-existing page
removing non-existing page
removing non-existing page
removing non-existing page
removing non-existing page
removing non-existing page
removing non-existing page
removing non-existing page
removing non-existing page
removing non-existing page
removing non-existing page
removing non-existing page
removing non-existing page
removing non-existing page
removing non-existing page
removing non-existing page
removing non-existing page
removing non-existing page
removing non-existing page
removing non-existing page
removing non-existing page
removing non-existing page
removing non-existing page
removing non-existing page
removing non-existing page
removing non-existing page
removing non-existing page
removing non-existing page
removing non-existing page
removing non-existing page
removing non-existing page
removing non-existing page
removing non-existing page
removing non-existing page
removing non-existing page
removing non-existing page
removing non-existing page
removing non-existing page
removing non-existing page
removing non-existing page
removing non-existing page
removing non-existing page
removing non-existing page
]]></system-out>

      <system-err><![CDATA[]]></system-err>

  </testsuite>
  <testsuite errors="0" failures="0" hostname="DESKTOP-3GEB5SQ" id="38" name="BTreeScanTest" package="simpledb.systemtest" skipped="0" tests="4" time="3.63" timestamp="2023-03-17T15:26:30">
      <properties>
[...]
</properties>

      <testcase classname="simpledb.systemtest.BTreeScanTest" name="testRewindPredicates" time="0.149" />

      <testcase classname="simpledb.systemtest.BTreeScanTest" name="testSmall" time="2.922" />

      <testcase classname="simpledb.systemtest.BTreeScanTest" name="testReadPage" time="0.46" />

      <testcase classname="simpledb.systemtest.BTreeScanTest" name="testRewind" time="0.051" />

      <system-out><![CDATA[]]></system-out>

      <system-err><![CDATA[]]></system-err>

  </testsuite>
  <testsuite errors="1" failures="0" hostname="DESKTOP-3GEB5SQ" id="39" name="BTreeTest" package="simpledb.systemtest" skipped="0" tests="1" time="0.0" timestamp="2023-03-17T15:28:34">
      <properties>
[...]
</properties>

      <testcase classname="simpledb.systemtest.BTreeTest" name="testBigFile" time="0.0">
          <error message="Timeout occurred. Please note the time in the report does not reflect the time until the timeout." type="junit.framework.AssertionFailedError">junit.framework.AssertionFailedError: Timeout occurred. Please note the time in the report does not reflect the time until the timeout.
	at jdk.internal.reflect.GeneratedMethodAccessor4.invoke(Unknown Source)
	at java.base/jdk.internal.reflect.DelegatingMethodAccessorImpl.invoke(DelegatingMethodAccessorImpl.java:43)
	at java.base/java.util.Vector.forEach(Vector.java:1359)
	at jdk.internal.reflect.GeneratedMethodAccessor4.invoke(Unknown Source)
	at java.base/jdk.internal.reflect.DelegatingMethodAccessorImpl.invoke(DelegatingMethodAccessorImpl.java:43)
	at jdk.internal.reflect.GeneratedMethodAccessor4.invoke(Unknown Source)
	at java.base/jdk.internal.reflect.DelegatingMethodAccessorImpl.invoke(DelegatingMethodAccessorImpl.java:43)
	at java.base/jdk.internal.reflect.NativeMethodAccessorImpl.invoke0(Native Method)
	at java.base/jdk.internal.reflect.NativeMethodAccessorImpl.invoke(NativeMethodAccessorImpl.java:77)
	at java.base/jdk.internal.reflect.DelegatingMethodAccessorImpl.invoke(DelegatingMethodAccessorImpl.java:43)
	at com.intellij.rt.ant.execution.AntMain2.main(AntMain2.java:31)
</error>

      </testcase>

  </testsuite>
  <testsuite errors="0" failures="0" hostname="DESKTOP-3GEB5SQ" id="40" name="DeleteTest" package="simpledb.systemtest" skipped="0" tests="5" time="0.572" timestamp="2023-03-17T15:28:34">
      <properties>
[...]
</properties>

      <testcase classname="simpledb.systemtest.DeleteTest" name="testLessThan" time="0.162" />

      <testcase classname="simpledb.systemtest.DeleteTest" name="testLessThanOrEq" time="0.085" />

      <testcase classname="simpledb.systemtest.DeleteTest" name="testGreaterThanOrEq" time="0.103" />

      <testcase classname="simpledb.systemtest.DeleteTest" name="testGreaterThan" time="0.075" />

      <testcase classname="simpledb.systemtest.DeleteTest" name="testEquals" time="0.097" />

      <system-out><![CDATA[]]></system-out>

      <system-err><![CDATA[]]></system-err>

  </testsuite>
  <testsuite errors="0" failures="0" hostname="DESKTOP-3GEB5SQ" id="41" name="EvictionTest" package="simpledb.systemtest" skipped="0" tests="1" time="0.606" timestamp="2023-03-17T15:28:35">
      <properties>
[...]
</properties>

      <testcase classname="simpledb.systemtest.EvictionTest" name="testHeapFileScanWithManyPages" time="0.558" />

      <system-out><![CDATA[EvictionTest creating large table
EvictionTest scanning large table
EvictionTest scan complete, testing memory usage of scan
]]></system-out>

      <system-err><![CDATA[]]></system-err>

  </testsuite>
  <testsuite errors="0" failures="0" hostname="DESKTOP-3GEB5SQ" id="42" name="FilterTest" package="simpledb.systemtest" skipped="0" tests="5" time="0.377" timestamp="2023-03-17T15:28:36">
      <properties>
[...]
</properties>

      <testcase classname="simpledb.systemtest.FilterTest" name="testLessThan" time="0.106" />

      <testcase classname="simpledb.systemtest.FilterTest" name="testLessThanOrEq" time="0.052" />

      <testcase classname="simpledb.systemtest.FilterTest" name="testGreaterThanOrEq" time="0.055" />

      <testcase classname="simpledb.systemtest.FilterTest" name="testGreaterThan" time="0.064" />

      <testcase classname="simpledb.systemtest.FilterTest" name="testEquals" time="0.049" />

      <system-out><![CDATA[]]></system-out>

      <system-err><![CDATA[]]></system-err>

  </testsuite>
  <testsuite errors="0" failures="0" hostname="DESKTOP-3GEB5SQ" id="43" name="InsertTest" package="simpledb.systemtest" skipped="0" tests="4" time="0.172" timestamp="2023-03-17T15:28:37">
      <properties>
[...]
</properties>

      <testcase classname="simpledb.systemtest.InsertTest" name="testOneToEmpty" time="0.075" />

      <testcase classname="simpledb.systemtest.InsertTest" name="testEmptyToOne" time="0.019" />

      <testcase classname="simpledb.systemtest.InsertTest" name="testOneToOne" time="0.017" />

      <testcase classname="simpledb.systemtest.InsertTest" name="testEmptyToEmpty" time="0.012" />

      <system-out><![CDATA[]]></system-out>

      <system-err><![CDATA[]]></system-err>

  </testsuite>
  <testsuite errors="0" failures="0" hostname="DESKTOP-3GEB5SQ" id="44" name="JoinTest" package="simpledb.systemtest" skipped="0" tests="3" time="0.167" timestamp="2023-03-17T15:28:37">
      <properties>
[...]
</properties>

      <testcase classname="simpledb.systemtest.JoinTest" name="testMultipleMatch" time="0.078" />

      <testcase classname="simpledb.systemtest.JoinTest" name="testNoMatch" time="0.022" />

      <testcase classname="simpledb.systemtest.JoinTest" name="testSingleMatch" time="0.017" />

      <system-out><![CDATA[]]></system-out>

      <system-err><![CDATA[]]></system-err>

  </testsuite>
  <testsuite errors="0" failures="0" hostname="DESKTOP-3GEB5SQ" id="45" name="LogTest" package="simpledb.systemtest" skipped="0" tests="10" time="0.393" timestamp="2023-03-17T15:28:37">
      <properties>
[...]
</properties>

      <testcase classname="simpledb.systemtest.LogTest" name="TestCommitAbortCommitCrash" time="0.099" />

      <testcase classname="simpledb.systemtest.LogTest" name="TestOpenCrash" time="0.024" />

      <testcase classname="simpledb.systemtest.LogTest" name="TestFlushAll" time="0.013" />

      <testcase classname="simpledb.systemtest.LogTest" name="TestCommitCrash" time="0.021" />

      <testcase classname="simpledb.systemtest.LogTest" name="TestOpenCommitOpenCrash" time="0.044" />

      <testcase classname="simpledb.systemtest.LogTest" name="TestAbort" time="0.016" />

      <testcase classname="simpledb.systemtest.LogTest" name="TestAbortCommitInterleaved" time="0.033" />

      <testcase classname="simpledb.systemtest.LogTest" name="TestOpenCommitCheckpointOpenCrash" time="0.051" />

      <testcase classname="simpledb.systemtest.LogTest" name="TestAbortCrash" time="0.024" />

      <testcase classname="simpledb.systemtest.LogTest" name="PatchTest" time="0.011" />

      <system-out><![CDATA[discarding non-existing page
discarding non-existing page
discarding non-existing page
discarding non-existing page
discarding non-existing page
discarding non-existing page
discarding non-existing page
]]></system-out>

      <system-err><![CDATA[]]></system-err>

  </testsuite>
  <testsuite errors="0" failures="0" hostname="DESKTOP-3GEB5SQ" id="46" name="QueryTest" package="simpledb.systemtest" skipped="0" tests="1" time="3.547" timestamp="2023-03-17T15:28:38">
      <properties>
[...]
</properties>

      <testcase classname="simpledb.systemtest.QueryTest" name="queryTest" time="3.5" />

      <system-out><![CDATA[Started a new transaction tid = 5
Added scan of table emp
Added scan of table dept
Added scan of table hobbies
Added scan of table hobby
Added join between emp.c1 and dept.c0
Added join between hobbies.c0 and emp.c2
Added join between hobbies.c1 and hobby.c0
Added select list field null.*
The query plan is:
                                                 π(emp.c0,emp.c1,emp.c2,emp.c3,emp.c4,emp.c5,dept.c0,dept.c1,dept.c2,hobbies.c0,hobbies.c1,hobby.c0,hobby.c1,hobby.c2,hobby.c3,hobby.c4,hobby.c5),card:200000
                                                 |
                                                 ?(hobbies.c1=hobby.c0),card:200000
                               __________________|__________________
                               |                                   |
                               ?(emp.c2=hobbies.c0),card:200000    |
                _______________|________________                   |
                |                              |                   |
                ?(emp.c1=dept.c0),card:1516    |                   |
  ______________|______________                |                   |
  |                           |                |                   |
  σ(emp.c3<1000),card:1516    |                |                   |
  |                           |              scan(hobbies)         |
scan(emp)                   scan(dept)                           scan(hobby)

emp.c0	emp.c1	emp.c2	emp.c3	emp.c4	emp.c5	dept.c0	dept.c1	dept.c2	hobbies.c0	hobbies.c1	hobby.c0	hobby.c1	hobby.c2	hobby.c3	hobby.c4	hobby.c5	
------------------------------------------------------------------------------------------------------------------------------------------------------------------------------------------------------------------

 0 rows.
Transaction 5 committed.
]]></system-out>

      <system-err><![CDATA[]]></system-err>

  </testsuite>
  <testsuite errors="0" failures="0" hostname="DESKTOP-3GEB5SQ" id="47" name="ScanTest" package="simpledb.systemtest" skipped="0" tests="4" time="1.268" timestamp="2023-03-17T15:28:42">
      <properties>
[...]
</properties>

      <testcase classname="simpledb.systemtest.ScanTest" name="testTupleDesc" time="0.067" />

      <testcase classname="simpledb.systemtest.ScanTest" name="testCache" time="0.306" />

      <testcase classname="simpledb.systemtest.ScanTest" name="testSmall" time="0.831" />

      <testcase classname="simpledb.systemtest.ScanTest" name="testRewind" time="0.012" />

      <system-out><![CDATA[]]></system-out>

      <system-err><![CDATA[]]></system-err>

  </testsuite>
</testsuites>
