<?xml version="1.0" encoding="UTF-8" ?>
<testsuite errors="0" failures="0" hostname="DESKTOP-3GEB5SQ" name="simpledb.CatalogTest" skipped="0" tests="5" time="0.057" timestamp="2023-03-17T15:25:51">
  <properties>
[...]
</properties>
  <testcase classname="simpledb.CatalogTest" name="getTupleDesc" time="0.011" />
  <testcase classname="simpledb.CatalogTest" name="getTableId" time="0.001" />
  <testcase classname="simpledb.CatalogTest" name="handleDuplicateIds" time="0.0" />
  <testcase classname="simpledb.CatalogTest" name="getDatabaseFile" time="0.0" />
  <testcase classname="simpledb.CatalogTest" name="handleDuplicateNames" time="0.0" />
  <system-out><![CDATA[]]></system-out>
  <system-err><![CDATA[]]></system-err>
</testsuite>
